<?xml version="1.0" encoding="UTF-8"?>
<!-- Generated by org.testng.reporters.JUnitReportReporter -->
<testsuite hostname="Salik" failures="7" tests="79" name="testcases.AutomobilePageVehicleDataTest" time="29.481" errors="0" timestamp="2024-02-09T16:05:22 IST" skipped="0">
  <testcase classname="testcases.AutomobilePageVehicleDataTest" name="verifyAutomobileLinkTest" time="1.139"/>
  <system-out/>
  <testcase classname="testcases.AutomobilePageVehicleDataTest" name="verifyManSignMakeTest" time="0.130"/>
  <system-out/>
  <testcase classname="testcases.AutomobilePageVehicleDataTest" name="verifyHovErrMsgMakeTest" time="0.337">
    <failure message="expected [Select an option] but found []" type="java.lang.AssertionError">
      <![CDATA[java.lang.AssertionError: expected [Select an option] but found []
at org.testng.Assert.fail(Assert.java:99)
at org.testng.Assert.failNotEquals(Assert.java:1037)
at org.testng.Assert.assertEqualsImpl(Assert.java:140)
at org.testng.Assert.assertEquals(Assert.java:122)
at org.testng.Assert.assertEquals(Assert.java:629)
at org.testng.Assert.assertEquals(Assert.java:639)
at testcases.AutomobilePageVehicleDataTest.verifyHovErrMsgMakeTest(AutomobilePageVehicleDataTest.java:37)
at java.base/jdk.internal.reflect.NativeMethodAccessorImpl.invoke0(Native Method)
at java.base/jdk.internal.reflect.NativeMethodAccessorImpl.invoke(NativeMethodAccessorImpl.java:77)
at java.base/jdk.internal.reflect.DelegatingMethodAccessorImpl.invoke(DelegatingMethodAccessorImpl.java:43)
at java.base/java.lang.reflect.Method.invoke(Method.java:568)
at org.testng.internal.MethodInvocationHelper.invokeMethod(MethodInvocationHelper.java:133)
at org.testng.internal.TestInvoker.invokeMethod(TestInvoker.java:598)
at org.testng.internal.TestInvoker.invokeTestMethod(TestInvoker.java:173)
at org.testng.internal.MethodRunner.runInSequence(MethodRunner.java:46)
at org.testng.internal.TestInvoker$MethodInvocationAgent.invoke(TestInvoker.java:824)
at org.testng.internal.TestInvoker.invokeTestMethods(TestInvoker.java:146)
at org.testng.internal.TestMethodWorker.invokeTestMethods(TestMethodWorker.java:146)
at org.testng.internal.TestMethodWorker.run(TestMethodWorker.java:128)
at java.base/java.util.ArrayList.forEach(ArrayList.java:1511)
at org.testng.TestRunner.privateRun(TestRunner.java:794)
at org.testng.TestRunner.run(TestRunner.java:596)
at org.testng.SuiteRunner.runTest(SuiteRunner.java:377)
at org.testng.SuiteRunner.runSequentially(SuiteRunner.java:371)
at org.testng.SuiteRunner.privateRun(SuiteRunner.java:332)
at org.testng.SuiteRunner.run(SuiteRunner.java:276)
at org.testng.SuiteRunnerWorker.runSuite(SuiteRunnerWorker.java:53)
at org.testng.SuiteRunnerWorker.run(SuiteRunnerWorker.java:96)
at org.testng.TestNG.runSuitesSequentially(TestNG.java:1212)
at org.testng.TestNG.runSuitesLocally(TestNG.java:1134)
at org.testng.TestNG.runSuites(TestNG.java:1063)
at org.testng.TestNG.run(TestNG.java:1031)
at org.testng.remote.AbstractRemoteTestNG.run(AbstractRemoteTestNG.java:115)
at org.testng.remote.RemoteTestNG.initAndRun(RemoteTestNG.java:251)
at org.testng.remote.RemoteTestNG.main(RemoteTestNG.java:77)
]]>
    </failure>
  </testcase> <!-- verifyHovErrMsgMakeTest -->
  <system-out/>
  <testcase classname="testcases.AutomobilePageVehicleDataTest" name="verifyDropdownMakeTest" time="0.246"/>
  <system-out/>
  <testcase classname="testcases.AutomobilePageVehicleDataTest" name="verifyManMsgMakeTest" time="0.390"/>
  <system-out/>
  <testcase classname="testcases.AutomobilePageVehicleDataTest" name="verifyListMakeTest" time="0.580"/>
  <system-out/>
  <testcase classname="testcases.AutomobilePageVehicleDataTest" name="verifyListMakeTest" time="0.635"/>
  <system-out/>
  <testcase classname="testcases.AutomobilePageVehicleDataTest" name="verifyListMakeTest" time="0.633"/>
  <system-out/>
  <testcase classname="testcases.AutomobilePageVehicleDataTest" name="verifyListMakeTest" time="0.534"/>
  <system-out/>
  <testcase classname="testcases.AutomobilePageVehicleDataTest" name="verifyListMakeTest" time="0.516"/>
  <system-out/>
  <testcase classname="testcases.AutomobilePageVehicleDataTest" name="verifyListMakeTest" time="0.585"/>
  <system-out/>
  <testcase classname="testcases.AutomobilePageVehicleDataTest" name="verifyListMakeTest" time="0.485"/>
  <system-out/>
  <testcase classname="testcases.AutomobilePageVehicleDataTest" name="verifyListMakeTest" time="0.454"/>
  <system-out/>
  <testcase classname="testcases.AutomobilePageVehicleDataTest" name="verifyListMakeTest" time="0.466"/>
  <system-out/>
  <testcase classname="testcases.AutomobilePageVehicleDataTest" name="verifyListMakeTest" time="0.486"/>
  <system-out/>
  <testcase classname="testcases.AutomobilePageVehicleDataTest" name="verifyListMakeTest" time="0.590"/>
  <system-out/>
  <testcase classname="testcases.AutomobilePageVehicleDataTest" name="verifyListMakeTest" time="0.526"/>
  <system-out/>
  <testcase classname="testcases.AutomobilePageVehicleDataTest" name="verifyListMakeTest" time="0.461"/>
  <system-out/>
  <testcase classname="testcases.AutomobilePageVehicleDataTest" name="verifyListMakeTest" time="0.668"/>
  <system-out/>
  <testcase classname="testcases.AutomobilePageVehicleDataTest" name="verifyListMakeTest" time="0.628"/>
  <system-out/>
  <testcase classname="testcases.AutomobilePageVehicleDataTest" name="verifyManSignEPTest" time="0.125"/>
  <system-out/>
  <testcase classname="testcases.AutomobilePageVehicleDataTest" name="verifyHovErrMsgEPTest" time="0.264">
    <failure message="expected [This field is mandatory] but found []" type="java.lang.AssertionError">
      <![CDATA[java.lang.AssertionError: expected [This field is mandatory] but found []
at org.testng.Assert.fail(Assert.java:99)
at org.testng.Assert.failNotEquals(Assert.java:1037)
at org.testng.Assert.assertEqualsImpl(Assert.java:140)
at org.testng.Assert.assertEquals(Assert.java:122)
at org.testng.Assert.assertEquals(Assert.java:629)
at org.testng.Assert.assertEquals(Assert.java:639)
at testcases.AutomobilePageVehicleDataTest.verifyHovErrMsgEPTest(AutomobilePageVehicleDataTest.java:73)
at java.base/jdk.internal.reflect.NativeMethodAccessorImpl.invoke0(Native Method)
at java.base/jdk.internal.reflect.NativeMethodAccessorImpl.invoke(NativeMethodAccessorImpl.java:77)
at java.base/jdk.internal.reflect.DelegatingMethodAccessorImpl.invoke(DelegatingMethodAccessorImpl.java:43)
at java.base/java.lang.reflect.Method.invoke(Method.java:568)
at org.testng.internal.MethodInvocationHelper.invokeMethod(MethodInvocationHelper.java:133)
at org.testng.internal.TestInvoker.invokeMethod(TestInvoker.java:598)
at org.testng.internal.TestInvoker.invokeTestMethod(TestInvoker.java:173)
at org.testng.internal.MethodRunner.runInSequence(MethodRunner.java:46)
at org.testng.internal.TestInvoker$MethodInvocationAgent.invoke(TestInvoker.java:824)
at org.testng.internal.TestInvoker.invokeTestMethods(TestInvoker.java:146)
at org.testng.internal.TestMethodWorker.invokeTestMethods(TestMethodWorker.java:146)
at org.testng.internal.TestMethodWorker.run(TestMethodWorker.java:128)
at java.base/java.util.ArrayList.forEach(ArrayList.java:1511)
at org.testng.TestRunner.privateRun(TestRunner.java:794)
at org.testng.TestRunner.run(TestRunner.java:596)
at org.testng.SuiteRunner.runTest(SuiteRunner.java:377)
at org.testng.SuiteRunner.runSequentially(SuiteRunner.java:371)
at org.testng.SuiteRunner.privateRun(SuiteRunner.java:332)
at org.testng.SuiteRunner.run(SuiteRunner.java:276)
at org.testng.SuiteRunnerWorker.runSuite(SuiteRunnerWorker.java:53)
at org.testng.SuiteRunnerWorker.run(SuiteRunnerWorker.java:96)
at org.testng.TestNG.runSuitesSequentially(TestNG.java:1212)
at org.testng.TestNG.runSuitesLocally(TestNG.java:1134)
at org.testng.TestNG.runSuites(TestNG.java:1063)
at org.testng.TestNG.run(TestNG.java:1031)
at org.testng.remote.AbstractRemoteTestNG.run(AbstractRemoteTestNG.java:115)
at org.testng.remote.RemoteTestNG.initAndRun(RemoteTestNG.java:251)
at org.testng.remote.RemoteTestNG.main(RemoteTestNG.java:77)
]]>
    </failure>
  </testcase> <!-- verifyHovErrMsgEPTest -->
  <system-out/>
  <testcase classname="testcases.AutomobilePageVehicleDataTest" name="verifyManMsgEPTest" time="0.319"/>
  <system-out/>
  <testcase classname="testcases.AutomobilePageVehicleDataTest" name="alphaErrMsgEPTest" time="0.345"/>
  <system-out/>
  <testcase classname="testcases.AutomobilePageVehicleDataTest" name="speErrMsgEPTest" time="0.357"/>
  <system-out/>
  <testcase classname="testcases.AutomobilePageVehicleDataTest" name="spaceErrMsgEPTest" time="0.300"/>
  <system-out/>
  <testcase classname="testcases.AutomobilePageVehicleDataTest" name="lowErrMsgEPTest" time="0.294"/>
  <system-out/>
  <testcase classname="testcases.AutomobilePageVehicleDataTest" name="highErrMsgEPTest" time="0.329"/>
  <system-out/>
  <testcase classname="testcases.AutomobilePageVehicleDataTest" name="trueValueEPTest" time="0.276"/>
  <system-out/>
  <testcase classname="testcases.AutomobilePageVehicleDataTest" name="verifyHovErrMsgDoMTest" time="0.258">
    <failure message="expected [This field is mandatory] but found []" type="java.lang.AssertionError">
      <![CDATA[java.lang.AssertionError: expected [This field is mandatory] but found []
at org.testng.Assert.fail(Assert.java:99)
at org.testng.Assert.failNotEquals(Assert.java:1037)
at org.testng.Assert.assertEqualsImpl(Assert.java:140)
at org.testng.Assert.assertEquals(Assert.java:122)
at org.testng.Assert.assertEquals(Assert.java:629)
at org.testng.Assert.assertEquals(Assert.java:639)
at testcases.AutomobilePageVehicleDataTest.verifyHovErrMsgDoMTest(AutomobilePageVehicleDataTest.java:121)
at java.base/jdk.internal.reflect.NativeMethodAccessorImpl.invoke0(Native Method)
at java.base/jdk.internal.reflect.NativeMethodAccessorImpl.invoke(NativeMethodAccessorImpl.java:77)
at java.base/jdk.internal.reflect.DelegatingMethodAccessorImpl.invoke(DelegatingMethodAccessorImpl.java:43)
at java.base/java.lang.reflect.Method.invoke(Method.java:568)
at org.testng.internal.MethodInvocationHelper.invokeMethod(MethodInvocationHelper.java:133)
at org.testng.internal.TestInvoker.invokeMethod(TestInvoker.java:598)
at org.testng.internal.TestInvoker.invokeTestMethod(TestInvoker.java:173)
at org.testng.internal.MethodRunner.runInSequence(MethodRunner.java:46)
at org.testng.internal.TestInvoker$MethodInvocationAgent.invoke(TestInvoker.java:824)
at org.testng.internal.TestInvoker.invokeTestMethods(TestInvoker.java:146)
at org.testng.internal.TestMethodWorker.invokeTestMethods(TestMethodWorker.java:146)
at org.testng.internal.TestMethodWorker.run(TestMethodWorker.java:128)
at java.base/java.util.ArrayList.forEach(ArrayList.java:1511)
at org.testng.TestRunner.privateRun(TestRunner.java:794)
at org.testng.TestRunner.run(TestRunner.java:596)
at org.testng.SuiteRunner.runTest(SuiteRunner.java:377)
at org.testng.SuiteRunner.runSequentially(SuiteRunner.java:371)
at org.testng.SuiteRunner.privateRun(SuiteRunner.java:332)
at org.testng.SuiteRunner.run(SuiteRunner.java:276)
at org.testng.SuiteRunnerWorker.runSuite(SuiteRunnerWorker.java:53)
at org.testng.SuiteRunnerWorker.run(SuiteRunnerWorker.java:96)
at org.testng.TestNG.runSuitesSequentially(TestNG.java:1212)
at org.testng.TestNG.runSuitesLocally(TestNG.java:1134)
at org.testng.TestNG.runSuites(TestNG.java:1063)
at org.testng.TestNG.run(TestNG.java:1031)
at org.testng.remote.AbstractRemoteTestNG.run(AbstractRemoteTestNG.java:115)
at org.testng.remote.RemoteTestNG.initAndRun(RemoteTestNG.java:251)
at org.testng.remote.RemoteTestNG.main(RemoteTestNG.java:77)
]]>
    </failure>
  </testcase> <!-- verifyHovErrMsgDoMTest -->
  <system-out/>
  <testcase classname="testcases.AutomobilePageVehicleDataTest" name="verifyDatePickerTest" time="0.105"/>
  <system-out/>
  <testcase classname="testcases.AutomobilePageVehicleDataTest" name="verifyCurMonthTest" time="0.227"/>
  <system-out/>
  <testcase classname="testcases.AutomobilePageVehicleDataTest" name="verifyFwdPrevButtonTest" time="0.669"/>
  <system-out/>
  <testcase classname="testcases.AutomobilePageVehicleDataTest" name="verifyFutureErrMsgTest" time="0.500"/>
  <system-out/>
  <testcase classname="testcases.AutomobilePageVehicleDataTest" name="verifyInvalidErrMsgTest" time="0.350"/>
  <system-out/>
  <testcase classname="testcases.AutomobilePageVehicleDataTest" name="verifyTrueDateTest" time="0.326"/>
  <system-out/>
  <testcase classname="testcases.AutomobilePageVehicleDataTest" name="verifyManSignNoSTest" time="0.101"/>
  <system-out/>
  <testcase classname="testcases.AutomobilePageVehicleDataTest" name="verifyHovErrMsgNoSTest" time="0.273">
    <failure message="expected [Select an option] but found []" type="java.lang.AssertionError">
      <![CDATA[java.lang.AssertionError: expected [Select an option] but found []
at org.testng.Assert.fail(Assert.java:99)
at org.testng.Assert.failNotEquals(Assert.java:1037)
at org.testng.Assert.assertEqualsImpl(Assert.java:140)
at org.testng.Assert.assertEquals(Assert.java:122)
at org.testng.Assert.assertEquals(Assert.java:629)
at org.testng.Assert.assertEquals(Assert.java:639)
at testcases.AutomobilePageVehicleDataTest.verifyHovErrMsgNoSTest(AutomobilePageVehicleDataTest.java:169)
at java.base/jdk.internal.reflect.NativeMethodAccessorImpl.invoke0(Native Method)
at java.base/jdk.internal.reflect.NativeMethodAccessorImpl.invoke(NativeMethodAccessorImpl.java:77)
at java.base/jdk.internal.reflect.DelegatingMethodAccessorImpl.invoke(DelegatingMethodAccessorImpl.java:43)
at java.base/java.lang.reflect.Method.invoke(Method.java:568)
at org.testng.internal.MethodInvocationHelper.invokeMethod(MethodInvocationHelper.java:133)
at org.testng.internal.TestInvoker.invokeMethod(TestInvoker.java:598)
at org.testng.internal.TestInvoker.invokeTestMethod(TestInvoker.java:173)
at org.testng.internal.MethodRunner.runInSequence(MethodRunner.java:46)
at org.testng.internal.TestInvoker$MethodInvocationAgent.invoke(TestInvoker.java:824)
at org.testng.internal.TestInvoker.invokeTestMethods(TestInvoker.java:146)
at org.testng.internal.TestMethodWorker.invokeTestMethods(TestMethodWorker.java:146)
at org.testng.internal.TestMethodWorker.run(TestMethodWorker.java:128)
at java.base/java.util.ArrayList.forEach(ArrayList.java:1511)
at org.testng.TestRunner.privateRun(TestRunner.java:794)
at org.testng.TestRunner.run(TestRunner.java:596)
at org.testng.SuiteRunner.runTest(SuiteRunner.java:377)
at org.testng.SuiteRunner.runSequentially(SuiteRunner.java:371)
at org.testng.SuiteRunner.privateRun(SuiteRunner.java:332)
at org.testng.SuiteRunner.run(SuiteRunner.java:276)
at org.testng.SuiteRunnerWorker.runSuite(SuiteRunnerWorker.java:53)
at org.testng.SuiteRunnerWorker.run(SuiteRunnerWorker.java:96)
at org.testng.TestNG.runSuitesSequentially(TestNG.java:1212)
at org.testng.TestNG.runSuitesLocally(TestNG.java:1134)
at org.testng.TestNG.runSuites(TestNG.java:1063)
at org.testng.TestNG.run(TestNG.java:1031)
at org.testng.remote.AbstractRemoteTestNG.run(AbstractRemoteTestNG.java:115)
at org.testng.remote.RemoteTestNG.initAndRun(RemoteTestNG.java:251)
at org.testng.remote.RemoteTestNG.main(RemoteTestNG.java:77)
]]>
    </failure>
  </testcase> <!-- verifyHovErrMsgNoSTest -->
  <system-out/>
  <testcase classname="testcases.AutomobilePageVehicleDataTest" name="verifyManMsgNoSTest" time="0.337"/>
  <system-out/>
  <testcase classname="testcases.AutomobilePageVehicleDataTest" name="verifyListNoSTest" time="0.447"/>
  <system-out/>
  <testcase classname="testcases.AutomobilePageVehicleDataTest" name="verifyListNoSTest" time="0.466"/>
  <system-out/>
  <testcase classname="testcases.AutomobilePageVehicleDataTest" name="verifyListNoSTest" time="0.435"/>
  <system-out/>
  <testcase classname="testcases.AutomobilePageVehicleDataTest" name="verifyListNoSTest" time="0.427"/>
  <system-out/>
  <testcase classname="testcases.AutomobilePageVehicleDataTest" name="verifyListNoSTest" time="0.396"/>
  <system-out/>
  <testcase classname="testcases.AutomobilePageVehicleDataTest" name="verifyListNoSTest" time="0.402"/>
  <system-out/>
  <testcase classname="testcases.AutomobilePageVehicleDataTest" name="verifyListNoSTest" time="0.441"/>
  <system-out/>
  <testcase classname="testcases.AutomobilePageVehicleDataTest" name="verifyListNoSTest" time="0.469"/>
  <system-out/>
  <testcase classname="testcases.AutomobilePageVehicleDataTest" name="verifyListNoSTest" time="0.437"/>
  <system-out/>
  <testcase classname="testcases.AutomobilePageVehicleDataTest" name="verifyDropdownNoSTest" time="0.399"/>
  <system-out/>
  <testcase classname="testcases.AutomobilePageVehicleDataTest" name="verifyManSignFTTest" time="0.114"/>
  <system-out/>
  <testcase classname="testcases.AutomobilePageVehicleDataTest" name="verifyHovErrMsgFTTest" time="0.238">
    <failure message="expected [Select an option] but found []" type="java.lang.AssertionError">
      <![CDATA[java.lang.AssertionError: expected [Select an option] but found []
at org.testng.Assert.fail(Assert.java:99)
at org.testng.Assert.failNotEquals(Assert.java:1037)
at org.testng.Assert.assertEqualsImpl(Assert.java:140)
at org.testng.Assert.assertEquals(Assert.java:122)
at org.testng.Assert.assertEquals(Assert.java:629)
at org.testng.Assert.assertEquals(Assert.java:639)
at testcases.AutomobilePageVehicleDataTest.verifyHovErrMsgFTTest(AutomobilePageVehicleDataTest.java:205)
at java.base/jdk.internal.reflect.NativeMethodAccessorImpl.invoke0(Native Method)
at java.base/jdk.internal.reflect.NativeMethodAccessorImpl.invoke(NativeMethodAccessorImpl.java:77)
at java.base/jdk.internal.reflect.DelegatingMethodAccessorImpl.invoke(DelegatingMethodAccessorImpl.java:43)
at java.base/java.lang.reflect.Method.invoke(Method.java:568)
at org.testng.internal.MethodInvocationHelper.invokeMethod(MethodInvocationHelper.java:133)
at org.testng.internal.TestInvoker.invokeMethod(TestInvoker.java:598)
at org.testng.internal.TestInvoker.invokeTestMethod(TestInvoker.java:173)
at org.testng.internal.MethodRunner.runInSequence(MethodRunner.java:46)
at org.testng.internal.TestInvoker$MethodInvocationAgent.invoke(TestInvoker.java:824)
at org.testng.internal.TestInvoker.invokeTestMethods(TestInvoker.java:146)
at org.testng.internal.TestMethodWorker.invokeTestMethods(TestMethodWorker.java:146)
at org.testng.internal.TestMethodWorker.run(TestMethodWorker.java:128)
at java.base/java.util.ArrayList.forEach(ArrayList.java:1511)
at org.testng.TestRunner.privateRun(TestRunner.java:794)
at org.testng.TestRunner.run(TestRunner.java:596)
at org.testng.SuiteRunner.runTest(SuiteRunner.java:377)
at org.testng.SuiteRunner.runSequentially(SuiteRunner.java:371)
at org.testng.SuiteRunner.privateRun(SuiteRunner.java:332)
at org.testng.SuiteRunner.run(SuiteRunner.java:276)
at org.testng.SuiteRunnerWorker.runSuite(SuiteRunnerWorker.java:53)
at org.testng.SuiteRunnerWorker.run(SuiteRunnerWorker.java:96)
at org.testng.TestNG.runSuitesSequentially(TestNG.java:1212)
at org.testng.TestNG.runSuitesLocally(TestNG.java:1134)
at org.testng.TestNG.runSuites(TestNG.java:1063)
at org.testng.TestNG.run(TestNG.java:1031)
at org.testng.remote.AbstractRemoteTestNG.run(AbstractRemoteTestNG.java:115)
at org.testng.remote.RemoteTestNG.initAndRun(RemoteTestNG.java:251)
at org.testng.remote.RemoteTestNG.main(RemoteTestNG.java:77)
]]>
    </failure>
  </testcase> <!-- verifyHovErrMsgFTTest -->
  <system-out/>
  <testcase classname="testcases.AutomobilePageVehicleDataTest" name="verifyManMsgFTTest" time="0.322"/>
  <system-out/>
  <testcase classname="testcases.AutomobilePageVehicleDataTest" name="verifyListFTTest" time="0.445"/>
  <system-out/>
  <testcase classname="testcases.AutomobilePageVehicleDataTest" name="verifyListFTTest" time="0.463"/>
  <system-out/>
  <testcase classname="testcases.AutomobilePageVehicleDataTest" name="verifyListFTTest" time="0.416"/>
  <system-out/>
  <testcase classname="testcases.AutomobilePageVehicleDataTest" name="verifyListFTTest" time="0.415"/>
  <system-out/>
  <testcase classname="testcases.AutomobilePageVehicleDataTest" name="verifyListFTTest" time="0.422"/>
  <system-out/>
  <testcase classname="testcases.AutomobilePageVehicleDataTest" name="verifyDropdownFTTest" time="0.346"/>
  <system-out/>
  <testcase classname="testcases.AutomobilePageVehicleDataTest" name="verifyManSignLPTest" time="0.102"/>
  <system-out/>
  <testcase classname="testcases.AutomobilePageVehicleDataTest" name="verifyHovErrMsgLPTest" time="0.239">
    <failure message="expected [This field is mandatory] but found []" type="java.lang.AssertionError">
      <![CDATA[java.lang.AssertionError: expected [This field is mandatory] but found []
at org.testng.Assert.fail(Assert.java:99)
at org.testng.Assert.failNotEquals(Assert.java:1037)
at org.testng.Assert.assertEqualsImpl(Assert.java:140)
at org.testng.Assert.assertEquals(Assert.java:122)
at org.testng.Assert.assertEquals(Assert.java:629)
at org.testng.Assert.assertEquals(Assert.java:639)
at testcases.AutomobilePageVehicleDataTest.verifyHovErrMsgLPTest(AutomobilePageVehicleDataTest.java:241)
at java.base/jdk.internal.reflect.NativeMethodAccessorImpl.invoke0(Native Method)
at java.base/jdk.internal.reflect.NativeMethodAccessorImpl.invoke(NativeMethodAccessorImpl.java:77)
at java.base/jdk.internal.reflect.DelegatingMethodAccessorImpl.invoke(DelegatingMethodAccessorImpl.java:43)
at java.base/java.lang.reflect.Method.invoke(Method.java:568)
at org.testng.internal.MethodInvocationHelper.invokeMethod(MethodInvocationHelper.java:133)
at org.testng.internal.TestInvoker.invokeMethod(TestInvoker.java:598)
at org.testng.internal.TestInvoker.invokeTestMethod(TestInvoker.java:173)
at org.testng.internal.MethodRunner.runInSequence(MethodRunner.java:46)
at org.testng.internal.TestInvoker$MethodInvocationAgent.invoke(TestInvoker.java:824)
at org.testng.internal.TestInvoker.invokeTestMethods(TestInvoker.java:146)
at org.testng.internal.TestMethodWorker.invokeTestMethods(TestMethodWorker.java:146)
at org.testng.internal.TestMethodWorker.run(TestMethodWorker.java:128)
at java.base/java.util.ArrayList.forEach(ArrayList.java:1511)
at org.testng.TestRunner.privateRun(TestRunner.java:794)
at org.testng.TestRunner.run(TestRunner.java:596)
at org.testng.SuiteRunner.runTest(SuiteRunner.java:377)
at org.testng.SuiteRunner.runSequentially(SuiteRunner.java:371)
at org.testng.SuiteRunner.privateRun(SuiteRunner.java:332)
at org.testng.SuiteRunner.run(SuiteRunner.java:276)
at org.testng.SuiteRunnerWorker.runSuite(SuiteRunnerWorker.java:53)
at org.testng.SuiteRunnerWorker.run(SuiteRunnerWorker.java:96)
at org.testng.TestNG.runSuitesSequentially(TestNG.java:1212)
at org.testng.TestNG.runSuitesLocally(TestNG.java:1134)
at org.testng.TestNG.runSuites(TestNG.java:1063)
at org.testng.TestNG.run(TestNG.java:1031)
at org.testng.remote.AbstractRemoteTestNG.run(AbstractRemoteTestNG.java:115)
at org.testng.remote.RemoteTestNG.initAndRun(RemoteTestNG.java:251)
at org.testng.remote.RemoteTestNG.main(RemoteTestNG.java:77)
]]>
    </failure>
  </testcase> <!-- verifyHovErrMsgLPTest -->
  <system-out/>
  <testcase classname="testcases.AutomobilePageVehicleDataTest" name="verifyManMsgLPTest" time="0.254"/>
  <system-out/>
  <testcase classname="testcases.AutomobilePageVehicleDataTest" name="alphaErrMsgLPTest" time="0.280"/>
  <system-out/>
  <testcase classname="testcases.AutomobilePageVehicleDataTest" name="speErrMsgLPTest" time="0.335"/>
  <system-out/>
  <testcase classname="testcases.AutomobilePageVehicleDataTest" name="spaceErrMsgLPTest" time="0.286"/>
  <system-out/>
  <testcase classname="testcases.AutomobilePageVehicleDataTest" name="lowErrMsgLPTest" time="0.307"/>
  <system-out/>
  <testcase classname="testcases.AutomobilePageVehicleDataTest" name="highErrMsgLPTest" time="0.292"/>
  <system-out/>
  <testcase classname="testcases.AutomobilePageVehicleDataTest" name="trueValueLPTest" time="0.281"/>
  <system-out/>
  <testcase classname="testcases.AutomobilePageVehicleDataTest" name="verifyErrMsgLicPNTest" time="0.346"/>
  <system-out/>
  <testcase classname="testcases.AutomobilePageVehicleDataTest" name="verifyTrueLicPNTest" time="0.308"/>
  <system-out/>
  <testcase classname="testcases.AutomobilePageVehicleDataTest" name="verifyManSignAMTest" time="0.118"/>
  <system-out/>
  <testcase classname="testcases.AutomobilePageVehicleDataTest" name="verifyHovErrMsgAMTest" time="0.248">
    <failure message="expected [This field is mandatory] but found []" type="java.lang.AssertionError">
      <![CDATA[java.lang.AssertionError: expected [This field is mandatory] but found []
at org.testng.Assert.fail(Assert.java:99)
at org.testng.Assert.failNotEquals(Assert.java:1037)
at org.testng.Assert.assertEqualsImpl(Assert.java:140)
at org.testng.Assert.assertEquals(Assert.java:122)
at org.testng.Assert.assertEquals(Assert.java:629)
at org.testng.Assert.assertEquals(Assert.java:639)
at testcases.AutomobilePageVehicleDataTest.verifyHovErrMsgAMTest(AutomobilePageVehicleDataTest.java:307)
at java.base/jdk.internal.reflect.NativeMethodAccessorImpl.invoke0(Native Method)
at java.base/jdk.internal.reflect.NativeMethodAccessorImpl.invoke(NativeMethodAccessorImpl.java:77)
at java.base/jdk.internal.reflect.DelegatingMethodAccessorImpl.invoke(DelegatingMethodAccessorImpl.java:43)
at java.base/java.lang.reflect.Method.invoke(Method.java:568)
at org.testng.internal.MethodInvocationHelper.invokeMethod(MethodInvocationHelper.java:133)
at org.testng.internal.TestInvoker.invokeMethod(TestInvoker.java:598)
at org.testng.internal.TestInvoker.invokeTestMethod(TestInvoker.java:173)
at org.testng.internal.MethodRunner.runInSequence(MethodRunner.java:46)
at org.testng.internal.TestInvoker$MethodInvocationAgent.invoke(TestInvoker.java:824)
at org.testng.internal.TestInvoker.invokeTestMethods(TestInvoker.java:146)
at org.testng.internal.TestMethodWorker.invokeTestMethods(TestMethodWorker.java:146)
at org.testng.internal.TestMethodWorker.run(TestMethodWorker.java:128)
at java.base/java.util.ArrayList.forEach(ArrayList.java:1511)
at org.testng.TestRunner.privateRun(TestRunner.java:794)
at org.testng.TestRunner.run(TestRunner.java:596)
at org.testng.SuiteRunner.runTest(SuiteRunner.java:377)
at org.testng.SuiteRunner.runSequentially(SuiteRunner.java:371)
at org.testng.SuiteRunner.privateRun(SuiteRunner.java:332)
at org.testng.SuiteRunner.run(SuiteRunner.java:276)
at org.testng.SuiteRunnerWorker.runSuite(SuiteRunnerWorker.java:53)
at org.testng.SuiteRunnerWorker.run(SuiteRunnerWorker.java:96)
at org.testng.TestNG.runSuitesSequentially(TestNG.java:1212)
at org.testng.TestNG.runSuitesLocally(TestNG.java:1134)
at org.testng.TestNG.runSuites(TestNG.java:1063)
at org.testng.TestNG.run(TestNG.java:1031)
at org.testng.remote.AbstractRemoteTestNG.run(AbstractRemoteTestNG.java:115)
at org.testng.remote.RemoteTestNG.initAndRun(RemoteTestNG.java:251)
at org.testng.remote.RemoteTestNG.main(RemoteTestNG.java:77)
]]>
    </failure>
  </testcase> <!-- verifyHovErrMsgAMTest -->
  <system-out/>
  <testcase classname="testcases.AutomobilePageVehicleDataTest" name="verifyManMsgAMTest" time="0.260"/>
  <system-out/>
  <testcase classname="testcases.AutomobilePageVehicleDataTest" name="alphaErrMsgAMTest" time="0.288"/>
  <system-out/>
  <testcase classname="testcases.AutomobilePageVehicleDataTest" name="speErrMsgAMTest" time="0.310"/>
  <system-out/>
  <testcase classname="testcases.AutomobilePageVehicleDataTest" name="spaceErrMsgAMTest" time="0.409"/>
  <system-out/>
  <testcase classname="testcases.AutomobilePageVehicleDataTest" name="lowErrMsgAMTest" time="0.280"/>
  <system-out/>
  <testcase classname="testcases.AutomobilePageVehicleDataTest" name="highErrMsgAMTest" time="0.295"/>
  <system-out/>
  <testcase classname="testcases.AutomobilePageVehicleDataTest" name="trueValueAMTest" time="0.278"/>
  <system-out/>
  <testcase classname="testcases.AutomobilePageVehicleDataTest" name="verifyNextButtonTest" time="0.221"/>
  <system-out/>
</testsuite> <!-- testcases.AutomobilePageVehicleDataTest -->
