<?xml version="1.0" encoding="UTF-8"?>
<!-- Generated by org.testng.reporters.JUnitReportReporter -->
<testsuite hostname="Salik" failures="0" tests="1" name="testcases.TruckPageProductDataTest" time="1.503" errors="0" timestamp="2024-02-09T13:17:53 IST" skipped="0">
  <testcase classname="testcases.TruckPageProductDataTest" name="google" time="1.503"/>
  <system-out/>
</testsuite> <!-- testcases.TruckPageProductDataTest -->
